<?xml version="1.0" encoding="UTF-8"?>
<testng-results ignored="0" total="1" passed="1" failed="0" skipped="0">
  <reporter-output>
  </reporter-output>
  <suite started-at="2020-09-29T16:54:05 BST" name="Default suite" finished-at="2020-09-29T16:56:11 BST" duration-ms="126190">
    <groups>
    </groups>
    <test started-at="2020-09-29T16:54:05 BST" name="Default test" finished-at="2020-09-29T16:56:11 BST" duration-ms="126190">
      <class name="tests.AppTest">
        <test-method is-config="true" signature="setup()[pri:0, instance:tests.AppTest@59b56f03]" started-at="2020-09-29T16:54:05 BST" name="setup" finished-at="2020-09-29T16:56:05 BST" duration-ms="119940" status="PASS">
          <reporter-output>
          </reporter-output>
        </test-method> <!-- setup -->
        <test-method signature="LoginToSauceDemoPortal()[pri:0, instance:tests.AppTest@59b56f03]" started-at="2020-09-29T16:56:05 BST" name="LoginToSauceDemoPortal" finished-at="2020-09-29T16:56:11 BST" duration-ms="5375" status="PASS">
          <reporter-output>
          </reporter-output>
        </test-method> <!-- LoginToSauceDemoPortal -->
        <test-method is-config="true" signature="tearDown()[pri:0, instance:tests.AppTest@59b56f03]" started-at="2020-09-29T16:56:11 BST" name="tearDown" finished-at="2020-09-29T16:56:11 BST" duration-ms="824" status="PASS">
          <reporter-output>
          </reporter-output>
        </test-method> <!-- tearDown -->
      </class> <!-- tests.AppTest -->
    </test> <!-- Default test -->
  </suite> <!-- Default suite -->
</testng-results>
